<?xml version="1.0" encoding="UTF-8"?>
<!-- Generated by org.testng.reporters.JUnitReportReporter -->
<testsuite hostname="TESTINGPC03" failures="0" tests="1" name="RoutineTest.Admission" time="18.118" errors="0" timestamp="2023-03-07T19:00:19 IST" skipped="0">
  <testcase classname="RoutineTest.Admission" name="TestAdmission" time="18.118"/>
  <system-out/>
</testsuite> <!-- RoutineTest.Admission -->
