<?xml version="1.0" encoding="UTF-8"?>
<!-- Generated by org.testng.reporters.JUnitReportReporter -->
<testsuite hostname="TESTINGPC03" failures="0" tests="1" name="Sample.Sample1" time="6.120" errors="0" timestamp="2022-09-13T19:02:07 IST" skipped="0">
  <testcase classname="Sample.Sample1" name="test" time="6.120"/>
  <system-out/>
</testsuite> <!-- Sample.Sample1 -->
