<?xml version="1.0" encoding="UTF-8"?>
<!-- Generated by org.testng.reporters.JUnitReportReporter -->
<testsuite hostname="TESTINGPC03" failures="0" tests="2" name="Trinesh.Dummy" time="1.216" errors="0" timestamp="2022-09-12T12:13:50 IST" skipped="0">
  <testcase classname="Trinesh.Dummy" name="login" time="0.252"/>
  <system-out/>
  <testcase classname="Trinesh.Dummy" name="logout" time="0.964"/>
  <system-out/>
</testsuite> <!-- Trinesh.Dummy -->
