<?xml version="1.0" encoding="UTF-8"?>
<!-- Generated by org.testng.reporters.JUnitReportReporter -->
<testsuite hostname="TESTINGPC03" failures="0" tests="1" name="LoginPage.Registration" time="4.097" errors="0" timestamp="2022-04-28T18:24:19 IST" skipped="0">
  <testcase classname="LoginPage.Registration" name="testValidLogin" time="4.097"/>
  <system-out/>
</testsuite> <!-- LoginPage.Registration -->
