<?xml version="1.0" encoding="UTF-8"?>
<!-- Generated by org.testng.reporters.JUnitReportReporter -->
<testsuite hostname="TESTINGPC03" failures="0" tests="1" name="RoutineTest.UserRegistration" time="7.687" errors="0" timestamp="2022-04-29T16:32:22 IST" skipped="0">
  <testcase classname="RoutineTest.UserRegistration" name="UserReg" time="7.687"/>
  <system-out/>
</testsuite> <!-- RoutineTest.UserRegistration -->
