<?xml version="1.0" encoding="UTF-8"?>
<!-- Generated by org.testng.reporters.JUnitReportReporter -->
<testsuite hostname="TESTINGPC03" failures="0" tests="1" name="Sample.Sample2" time="6.085" errors="0" timestamp="2022-04-25T16:44:18 IST" skipped="0">
  <testcase classname="Sample.Sample2" name="Test" time="6.085"/>
  <system-out/>
</testsuite> <!-- Sample.Sample2 -->
