<?xml version="1.0" encoding="UTF-8"?>
<!-- Generated by org.testng.reporters.JUnitReportReporter -->
<testsuite hostname="TESTINGPC03" failures="0" tests="1" name="RoutineTest.Chargesheet" time="5.475" errors="0" timestamp="2023-03-10T14:36:17 IST" skipped="0">
  <testcase classname="RoutineTest.Chargesheet" name="TestChargesheet" time="5.475"/>
  <system-out/>
</testsuite> <!-- RoutineTest.Chargesheet -->
