<?xml version="1.0" encoding="UTF-8"?>
<!-- Generated by org.testng.reporters.JUnitReportReporter -->
<testsuite hostname="TESTINGPC03" failures="0" tests="1" name="Trinesh.Registration" time="0.303" errors="0" timestamp="2022-09-14T00:10:46 IST" skipped="0">
  <testcase classname="Trinesh.Registration" name="registration" time="0.303"/>
  <system-out/>
</testsuite> <!-- Trinesh.Registration -->
