<?xml version="1.0" encoding="UTF-8"?>
<!-- Generated by org.testng.reporters.JUnitReportReporter -->
<testsuite hostname="TESTINGPC03" failures="0" tests="1" name="RoutineTest.Login" time="3.108" errors="0" timestamp="2023-03-10T14:36:17 IST" skipped="0">
  <testcase classname="RoutineTest.Login" name="TestValidLogin" time="3.108"/>
  <system-out/>
</testsuite> <!-- RoutineTest.Login -->
