<?xml version="1.0" encoding="UTF-8"?>
<!-- Generated by org.testng.reporters.JUnitReportReporter -->
<testsuite hostname="TESTINGPC03" failures="0" tests="1" name="RoutineTest.Appointment" time="24.936" errors="0" timestamp="2023-03-07T19:00:19 IST" skipped="0">
  <testcase classname="RoutineTest.Appointment" name="TestAppointment" time="24.936"/>
  <system-out/>
</testsuite> <!-- RoutineTest.Appointment -->
